\BOOKMARK [1][-]{section.0}{\376\377\000C\000l\000a\000s\000s\000\040\000o\000v\000e\000r\000v\000i\000e\000w}{}% 1
\BOOKMARK [1][-]{section.1}{\376\377\000E\000a\000r\000l\000y\000\040\000A\000s\000t\000r\000o\000n\000o\000m\000y}{}% 2
\BOOKMARK [2][-]{subsubsection.1.0.1}{\376\377\000G\000r\000e\000e\000k}{section.1}% 3
\BOOKMARK [2][-]{subsection.1.1}{\376\377\000E\000m\000e\000r\000g\000e\000n\000c\000e\000\040\000o\000f\000\040\000m\000o\000d\000e\000r\000n\000\040\000A\000s\000t\000r\000o}{section.1}% 4
\BOOKMARK [1][-]{section.2}{\376\377\000O\000r\000b\000i\000t\000a\000l\000\040\000M\000e\000c\000h\000a\000n\000i\000c\000s\000\040\000I}{}% 5
\BOOKMARK [2][-]{subsection.2.1}{\376\377\000N\000e\000w\000t\000o\000n\000i\000a\000n\000\040\000m\000e\000c\000h\000a\000n\000i\000c\000s}{section.2}% 6
\BOOKMARK [2][-]{subsection.2.2}{\376\377\000N\000e\000w\000t\000o\000n\000s\000\040\000l\000a\000w\000s}{section.2}% 7
\BOOKMARK [2][-]{subsection.2.3}{\376\377\000D\000i\000s\000p\000l\000a\000c\000e\000m\000e\000n\000t\000\040\000v\000e\000c\000t\000o\000r\000\040\000a\000n\000d\000\040\000p\000o\000l\000a\000r\000\040\000c\000o\000o\000r\000d\000i\000n\000a\000t\000e\000s}{section.2}% 8
\BOOKMARK [2][-]{subsection.2.4}{\376\377\000K\000e\000p\000l\000e\000r\000\040\000l\000a\000w\000s\000:\000\040\000a\000n\000g\000u\000l\000a\000r\000\040\000m\000o\000m\000e\000n\000t\000u\000m}{section.2}% 9
\BOOKMARK [2][-]{subsection.2.5}{\376\377\000k\000e\000p\000l\000e\000r\000s\000\040\0002\000n\000d\000\040\000l\000a\000w\000\040\000=\000\040\000c\000o\000n\000s\000v\000,\000\040\000a\000n\000g\000u\000l\000a\000r\000\040\000m\000o\000m\000e\000n\000t\000u\000m}{section.2}% 10
\BOOKMARK [2][-]{subsection.2.6}{\376\377\000K\000e\000p\000l\000e\000r\000s\000\040\000L\000a\000w\000s}{section.2}% 11
\BOOKMARK [3][-]{subsubsection.2.6.1}{\376\377\000K\000e\000p\000l\000e\000r\000s\000\040\000F\000i\000r\000s\000t\000\040\000L\000a\000w}{subsection.2.6}% 12
\BOOKMARK [2][-]{subsection.2.7}{\376\377\000K\000e\000p\000l\000e\000r\000\040\000I\000I\000I}{section.2}% 13
\BOOKMARK [1][-]{section.3}{\376\377\000O\000r\000b\000i\000t\000a\000l\000\040\000e\000n\000e\000r\000g\000e\000t\000i\000c\000s}{}% 14
\BOOKMARK [2][-]{subsection.3.1}{\376\377\000C\000h\000e\000c\000k\000i\000n\000g\000\040\000e\000n\000e\000r\000g\000y\000\040\000i\000n\000\040\000c\000i\000r\000c\000u\000l\000a\000r\000\040\000o\000r\000b\000i\000t\000s}{section.3}% 15
\BOOKMARK [2][-]{subsection.3.2}{\376\377\000N\000e\000g\000a\000t\000i\000v\000e\000\040\000t\000o\000t\000a\000l\000\040\000e\000n\000e\000r\000g\000y\000\040\000o\000r\000b\000i\000t\000s}{section.3}% 16
\BOOKMARK [2][-]{subsection.3.3}{\376\377\000P\000a\000r\000a\000b\000o\000l\000i\000c\000\040\000o\000r\000b\000i\000t\000s\000:\000\040\000e\000s\000c\000a\000p\000e\000\040\000s\000p\000e\000e\000d\000s}{section.3}% 17
\BOOKMARK [2][-]{subsection.3.4}{\376\377\000H\000o\000h\000m\000a\000n\000n\000\040\000t\000r\000a\000n\000s\000f\000e\000r\000\040\000o\000r\000b\000i\000t}{section.3}% 18
\BOOKMARK [1][-]{section.4}{\376\377\000E\000a\000r\000t\000h\000-\000M\000o\000o\000n\000\040\000S\000y\000s\000t\000e\000n}{}% 19
\BOOKMARK [2][-]{subsection.4.1}{\376\377\000M\000o\000t\000i\000o\000n\000\040\000o\000f\000\040\000t\000h\000e\000\040\000m\000o\000o\000n}{section.4}% 20
\BOOKMARK [2][-]{subsection.4.2}{\376\377\000P\000r\000e\000c\000e\000s\000s\000i\000o\000n}{section.4}% 21
\BOOKMARK [2][-]{subsection.4.3}{\376\377\000T\000i\000d\000a\000l\000\040\000F\000o\000r\000c\000e\000s}{section.4}% 22
\BOOKMARK [3][-]{subsubsection.4.3.1}{\376\377\000D\000i\000f\000f\000\040\000g\000r\000a\000v\000i\000t\000a\000t\000i\000o\000n\000a\000l\000\040\000t\000i\000d\000a\000l\000\040\000f\000o\000r\000c\000e\000s}{subsection.4.3}% 23
\BOOKMARK [3][-]{subsubsection.4.3.2}{\376\377\000R\000o\000t\000a\000t\000i\000o\000n\000\040\000o\000f\000\040\000t\000i\000d\000e\000s}{subsection.4.3}% 24
\BOOKMARK [2][-]{subsection.4.4}{\376\377\000E\000a\000r\000t\000h\000\040\000S\000h\000a\000p\000e}{section.4}% 25
\BOOKMARK [2][-]{subsection.4.5}{\376\377\000R\000o\000c\000h\000e\000\040\000L\000i\000m\000i\000t}{section.4}% 26
\BOOKMARK [2][-]{subsection.4.6}{\376\377\000H\000i\000l\000l\000\040\000r\000a\000d\000i\000u\000s}{section.4}% 27
\BOOKMARK [2][-]{subsection.4.7}{\376\377\000P\000l\000a\000n\000e\000\040\000o\000f\000\040\000l\000u\000n\000a\000r\000\040\000o\000r\000b\000i\000t}{section.4}% 28
\BOOKMARK [2][-]{subsection.4.8}{\376\377\000T\000i\000d\000a\000l\000\040\000f\000o\000r\000c\000e\000s\000:\000\040\000e\000a\000r\000t\000h\000\040\000v\000s\000\040\000m\000o\000o\000n}{section.4}% 29
\BOOKMARK [2][-]{subsection.4.9}{\376\377\000l\000u\000n\000a\000r\000\040\000l\000i\000b\000r\000a\000t\000i\000o\000n\000s}{section.4}% 30
\BOOKMARK [1][-]{section.5}{\376\377\000W\000a\000v\000e\000s}{}% 31
\BOOKMARK [2][-]{subsection.5.1}{\376\377\000S\000p\000e\000c\000t\000r\000a\000\040\000\050\000H\000o\000w\000\040\000d\000o\000\040\000w\000e\000\040\000k\000n\000o\000w\000\040\000w\000h\000a\000t\000\040\000t\000h\000e\000\040\000u\000n\000i\000v\000e\000r\000s\000e\000\040\000i\000f\000\040\000m\000a\000d\000e\000\040\000o\000u\000t\000\040\000o\000f\000?\000\051}{section.5}% 32
\BOOKMARK [2][-]{subsection.5.2}{\376\377\000A\000t\000o\000m\000s\000\040\000a\000n\000d\000\040\000s\000p\000e\000c\000t\000r\000a}{section.5}% 33
\BOOKMARK [2][-]{subsection.5.3}{\376\377\000B\000o\000h\000r\000s\000\040\000m\000o\000d\000e\000l}{section.5}% 34
\BOOKMARK [2][-]{subsection.5.4}{\376\377\000A\000t\000o\000m\000i\000c\000\040\000t\000r\000a\000n\000s\000i\000t\000i\000o\000n\000\040\000p\000r\000o\000c\000e\000s\000s\000e\000s}{section.5}% 35
\BOOKMARK [2][-]{subsection.5.5}{\376\377\000K\000i\000r\000c\000h\000o\000f\000f\000'\000s\000\040\000L\000a\000w\000s}{section.5}% 36
\BOOKMARK [2][-]{subsection.5.6}{\376\377\000T\000e\000m\000p\000a\000t\000u\000r\000e\000\040\000a\000f\000f\000e\000c\000t\000s\000\040\000i\000n\000t\000e\000r\000n\000a\000l\000\040\000s\000t\000a\000t\000e\000s\000\040\000o\000f\000\040\000a\000t\000o\000m\000s\000\040\000a\000n\000d\000\040\000m\000o\000l\000e\000c\000u\000l\000e\000s}{section.5}% 37
\BOOKMARK [2][-]{subsection.5.7}{\376\377\000T\000e\000m\000p\000e\000r\000a\000t\000u\000r\000e\000\040\000v\000s\000\040\000v\000e\000l\000o\000c\000i\000t\000y}{section.5}% 38
\BOOKMARK [2][-]{subsection.5.8}{\376\377\000m\000e\000a\000n\000\040\000f\000r\000e\000e\000\040\000p\000a\000t\000h\000\040\000a\000n\000d\000\040\000o\000p\000t\000\040\000d\000e\000p\000t\000h}{section.5}% 39
\BOOKMARK [1][-]{section.6}{\376\377\000T\000e\000l\000e\000s\000c\000o\000p\000e\000s}{}% 40
\BOOKMARK [2][-]{subsection.6.1}{\376\377\000p\000h\000o\000t\000o\000e\000l\000e\000t\000r\000i\000c\000\040\000e\000f\000f\000e\000c\000t}{section.6}% 41
\BOOKMARK [2][-]{subsection.6.2}{\376\377\000S\000u\000n}{section.6}% 42
\BOOKMARK [3][-]{subsubsection.6.2.1}{\376\377\000C\000h\000r\000o\000m\000o\000s\000p\000h\000e\000r\000e}{subsection.6.2}% 43
\BOOKMARK [3][-]{subsubsection.6.2.2}{\376\377\000C\000o\000r\000o\000n\000a}{subsection.6.2}% 44
\BOOKMARK [3][-]{subsubsection.6.2.3}{\376\377\000S\000o\000l\000a\000r\000\040\000W\000i\000n\000d}{subsection.6.2}% 45
\BOOKMARK [3][-]{subsubsection.6.2.4}{\376\377\000M\000a\000g\000n\000e\000t\000i\000c\000\040\000F\000i\000e\000l\000d\000s}{subsection.6.2}% 46
\BOOKMARK [3][-]{subsubsection.6.2.5}{\376\377\000S\000u\000n\000s\000p\000o\000t\000s}{subsection.6.2}% 47
\BOOKMARK [1][-]{section.10}{\376\377\000T\000h\000e\000\040\000p\000l\000a\000n\000e\000t\000s}{}% 48
\BOOKMARK [2][-]{subsection.10.1}{\376\377\000M\000e\000c\000u\000r\000y}{section.10}% 49
\BOOKMARK [2][-]{subsection.10.2}{\376\377\000V\000e\000n\000u\000s}{section.10}% 50
\BOOKMARK [2][-]{subsection.10.3}{\376\377\000E\000a\000r\000t\000h}{section.10}% 51
\BOOKMARK [2][-]{subsection.10.4}{\376\377\000M\000a\000r\000s}{section.10}% 52
\BOOKMARK [2][-]{subsection.10.5}{\376\377\000J\000u\000p\000i\000t\000e\000r\000\040\000a\000n\000d\000\040\000S\000a\000t\000u\000r\000n}{section.10}% 53
\BOOKMARK [3][-]{subs